i:: -> (-1, -1)

identifier -> (35, 0)

i:: -> (-1, -1)

identifier -> (25, 0)

i:: -> (-1, -1)

identifier -> (22, 0)

JST -> (-1, -1)

( -> (-1, -1)

identifier -> (35, 0)

> -> (-1, -1)

identifier -> (25, 0)

) -> (-1, -1)

{ -> (-1, -1)

JST -> (-1, -1)

( -> (-1, -1)

identifier -> (25, 0)

> -> (-1, -1)

identifier -> (22, 0)

) -> (-1, -1)

PO -> (-1, -1)

( -> (-1, -1)

identifier -> (22, 0)

) -> (-1, -1)

LAT -> (-1, -1)

PO -> (-1, -1)

( -> (-1, -1)

identifier -> (25, 0)

) -> (-1, -1)

} -> (-1, -1)

LAT -> (-1, -1)

{ -> (-1, -1)

JST -> (-1, -1)

( -> (-1, -1)

identifier -> (35, 0)

> -> (-1, -1)

identifier -> (22, 0)

) -> (-1, -1)

PO -> (-1, -1)

( -> (-1, -1)

identifier -> (22, 0)

) -> (-1, -1)

LAT -> (-1, -1)

PO -> (-1, -1)

( -> (-1, -1)

identifier -> (35, 0)

) -> (-1, -1)

} -> (-1, -1)

