i:: -> (-1, -1)

identifier -> (43, 0)

i:: -> (-1, -1)

identifier -> (33, 0)

i:: -> (-1, -1)

identifier -> (7, 0)

ALA -> (-1, -1)

( -> (-1, -1)

identifier -> (33, 0)

!= -> (-1, -1)

int const -> (0, 0)

) -> (-1, -1)

{ -> (-1, -1)

identifier -> (7, 0)

= -> (-1, -1)

identifier -> (43, 0)

* -> (-1, -1)

identifier -> (33, 0)

identifier -> (43, 0)

= -> (-1, -1)

identifier -> (33, 0)

identifier -> (33, 0)

= -> (-1, -1)

identifier -> (7, 0)

} -> (-1, -1)

PO -> (-1, -1)

( -> (-1, -1)

identifier -> (43, 0)

) -> (-1, -1)

