i:: -> (-1, -1)

identifier -> (2, 0)

i:: -> (-1, -1)

identifier -> (12, 0)

i:: -> (-1, -1)

identifier -> (7, 0)

AF -> (-1, -1)

( -> (-1, -1)

i:: -> (-1, -1)

identifier -> (19, 0)

| -> (-1, -1)

identifier -> (19, 0)

< -> (-1, -1)

identifier -> (7, 0)

| -> (-1, -1)

identifier -> (19, 0)

= -> (-1, -1)

identifier -> (19, 0)

+ -> (-1, -1)

int const -> (1, 0)

) -> (-1, -1)

{ -> (-1, -1)

PI -> (-1, -1)

( -> (-1, -1)

identifier -> (7, 0)

) -> (-1, -1)

identifier -> (12, 0)

= -> (-1, -1)

identifier -> (12, 0)

+ -> (-1, -1)

identifier -> (7, 0)

} -> (-1, -1)

PO -> (-1, -1)

( -> (-1, -1)

identifier -> (12, 0)

) -> (-1, -1)

